[2019-10-16 08:04:37] manager.INFO: Webhook start [] []
[2019-10-16 08:04:37] manager.INFO: Webhook end [] []
[2019-10-16 08:05:15] manager.INFO: Webhook start [] []
[2019-10-16 08:05:15] manager.INFO: Webhook end [] []
[2019-10-16 08:15:59] manager.INFO: Webhook start [] []
[2019-10-16 08:15:59] manager.INFO: Webhook end [] []
[2019-10-16 08:23:39] manager.INFO: Webhook start [] []
[2019-10-16 08:28:27] manager.INFO: Webhook start [] []
[2019-10-16 08:28:27] manager.INFO: Webhook end [] []
[2019-10-16 08:29:14] manager.INFO: Webhook start [] []
[2019-10-16 08:29:14] manager.INFO: Webhook end [] []
[2019-10-16 08:29:43] manager.INFO: Webhook start [] []
[2019-10-16 08:29:43] manager.INFO: Webhook end [] []
[2019-10-16 08:30:20] manager.INFO: Webhook start [] []
[2019-10-16 08:30:20] manager.INFO: Webhook end [] []
[2019-10-16 08:31:22] manager.INFO: Webhook start [] []
[2019-10-16 08:31:22] manager.ERROR: Could not parse received data! [] []
[2019-10-16 08:31:29] manager.INFO: Webhook start [] []
[2019-10-16 08:31:29] manager.ERROR: Could not parse received data! [] []
[2019-10-16 08:31:45] manager.INFO: Webhook start [] []
[2019-10-16 08:31:45] manager.INFO: Webhook end [] []
[2019-10-16 08:32:06] manager.INFO: Webhook start [] []
[2019-10-16 08:32:06] manager.INFO: Webhook end [] []
[2019-10-16 08:33:10] manager.INFO: Webhook start [] []
[2019-10-16 08:33:10] manager.INFO: Webhook end [] []
[2019-10-16 08:33:37] manager.INFO: Webhook start [] []
[2019-10-16 08:33:37] manager.INFO: Wrote log/2019-10-16-08-33-37.received [] []
[2019-10-16 08:33:37] manager.INFO: Wrote log/2019-10-16-08-33-37.json [] []
[2019-10-16 08:33:37] manager.INFO: Wrote ./content/./content/Sample Classroom/classroom.json [] []
[2019-10-16 08:33:37] manager.INFO: Wrote ./content/Sample Classroom/Student, Test/student.json [] []
[2019-10-16 08:33:37] manager.INFO: Wrote ./content/Sample Classroom/Student, Test/Test Assignment.json [] []
[2019-10-16 08:33:37] manager.INFO: Wrote ./content/Sample Classroom/Student, Test/Test Assignment/submission.json [] []
[2019-10-16 08:33:37] manager.INFO: Webhook end [] []
[2019-10-16 08:36:13] manager.INFO: Webhook start [] []
[2019-10-16 08:36:13] manager.INFO: Wrote log/2019-10-16-08-36-13.received [] []
[2019-10-16 08:36:13] manager.INFO: Wrote log/2019-10-16-08-36-13.json [] []
[2019-10-16 08:36:13] manager.INFO: Wrote ./content/Sample Classroom/classroom.json [] []
[2019-10-16 08:36:13] manager.INFO: Wrote ./content/Sample Classroom/Student, Test/student.json [] []
[2019-10-16 08:36:13] manager.INFO: Wrote ./content/Sample Classroom/Student, Test/Test Assignment.json [] []
[2019-10-16 08:36:13] manager.INFO: Wrote ./content/Sample Classroom/Student, Test/Test Assignment/submission.json [] []
[2019-10-16 08:36:13] manager.INFO: Webhook end [] []
[2019-10-16 08:39:41] manager.INFO: Webhook start [] []
[2019-10-16 08:39:41] manager.INFO: Wrote log/2019-10-16-08-39-41.received [] []
[2019-10-16 08:39:41] manager.INFO: Wrote log/2019-10-16-08-39-41.json [] []
[2019-10-16 08:39:41] manager.INFO: Wrote ./content/Sample Classroom/classroom.json [] []
[2019-10-16 08:39:41] manager.INFO: Wrote ./content/Sample Classroom/Student, Test/student.json [] []
[2019-10-16 08:39:41] manager.INFO: Wrote ./content/Sample Classroom/Student, Test/Test Assignment.json [] []
[2019-10-16 08:39:41] manager.INFO: Wrote ./content/Sample Classroom/Student, Test/Test Assignment/submission.json [] []
[2019-10-16 08:39:41] manager.INFO: Webhook end [] []
[2019-10-16 08:40:03] manager.INFO: Webhook start [] []
[2019-10-16 08:40:03] manager.INFO: Wrote log/2019-10-16-08-40-03.received [] []
[2019-10-16 08:40:03] manager.INFO: Wrote log/2019-10-16-08-40-03.json [] []
[2019-10-16 08:40:03] manager.INFO: Wrote ./content/Sample Classroom/classroom.json [] []
[2019-10-16 08:40:03] manager.INFO: Wrote ./content/Sample Classroom/Student, Test/student.json [] []
[2019-10-16 08:40:03] manager.INFO: Wrote ./content/Sample Classroom/Student, Test/Test Assignment.json [] []
[2019-10-16 08:40:03] manager.INFO: Wrote ./content/Sample Classroom/Student, Test/Test Assignment/submission.json [] []
[2019-10-16 08:40:03] manager.INFO: Webhook end [] []
[2019-10-16 10:10:52] manager.INFO: Webhook start [] []
[2019-10-16 10:10:52] manager.INFO: Wrote log/2019-10-16-10-10-52.received [] []
[2019-10-16 10:10:52] manager.INFO: Wrote log/2019-10-16-10-10-52.json [] []
[2019-10-16 10:10:52] manager.INFO: Wrote ./content/Sample Classroom/classroom.json [] []
[2019-10-16 10:10:52] manager.INFO: Wrote ./content/Sample Classroom/Student, Test/student.json [] []
[2019-10-16 10:10:52] manager.INFO: Wrote ./content/Sample Classroom/Student, Test/Test Assignment.json [] []
[2019-10-16 10:10:52] manager.INFO: Wrote ./content/Sample Classroom/Student, Test/Test Assignment/submission.json [] []
[2019-10-16 10:10:52] manager.INFO: Webhook end [] []
[2019-10-16 10:11:13] manager.INFO: Webhook start [] []
[2019-10-16 10:11:13] manager.INFO: Wrote log/2019-10-16-10-11-13.received [] []
[2019-10-16 10:11:13] manager.INFO: Wrote log/2019-10-16-10-11-13.json [] []
[2019-10-16 10:11:13] manager.INFO: Wrote ./content/Sample Classroom/classroom.json [] []
[2019-10-16 10:11:13] manager.INFO: Wrote ./content/Sample Classroom/Student, Test/student.json [] []
[2019-10-16 10:11:13] manager.INFO: Wrote ./content/Sample Classroom/Student, Test/Test Assignment.json [] []
[2019-10-16 10:11:13] manager.INFO: Wrote ./content/Sample Classroom/Student, Test/Test Assignment/submission.json [] []
[2019-10-16 10:11:13] manager.INFO: Webhook end [] []
[2019-10-16 13:26:34] manager.INFO: POST start [] []
[2019-10-16 13:26:34] manager.INFO: Wrote log/2019-10-16-13-26-34.received [] []
[2019-10-16 13:26:34] manager.ERROR: Could not parse received data! [] []
[2019-10-16 13:27:09] manager.INFO: POST start [] []
[2019-10-16 13:27:09] manager.INFO: Wrote log/2019-10-16-13-27-09.received [] []
[2019-10-16 13:27:09] manager.ERROR: Could not parse received data! [] []
[2019-10-16 13:43:05] manager.INFO: POST start [] []
[2019-10-16 13:43:05] manager.INFO: Wrote log/2019-10-16-13-43-05.received [] []
[2019-10-16 13:43:05] manager.ERROR: Could not parse received data! [] []
[2019-10-16 13:44:06] manager.INFO: POST start [] []
[2019-10-16 13:44:06] manager.INFO: Wrote log/2019-10-16-13-44-06.received [] []
[2019-10-16 13:44:06] manager.ERROR: Could not parse received data! [] []
[2019-10-16 13:50:13] manager.INFO: Answering POST [] []
[2019-10-16 13:50:13] manager.INFO: POST start [] []
[2019-10-16 13:50:13] manager.INFO: Wrote log/2019-10-16-13-50-13.received [] []
[2019-10-16 13:50:13] manager.INFO: Wrote log/2019-10-16-13-50-13.json [] []
[2019-10-16 13:50:13] manager.INFO: Wrote ./content/2019-20 - C S 131 - Fundamentals of Programming/classroom.json [] []
[2019-10-16 13:50:13] manager.INFO: Wrote ./content/2019-20 - C S 131 - Fundamentals of Programming/Student, Test/student.json [] []
[2019-10-16 13:50:13] manager.INFO: Wrote ./content/2019-20 - C S 131 - Fundamentals of Programming/Student, Test/Attendance : 2019-10-16.json [] []
[2019-10-16 13:50:13] manager.INFO: Wrote ./content/2019-20 - C S 131 - Fundamentals of Programming/Student, Test/Attendance : 2019-10-16/submission.json [] []
[2019-10-16 13:50:13] manager.INFO: POST end [] []
[2019-10-16 13:52:07] manager.INFO: Answering GET [] []
[2019-10-16 14:09:29] manager.INFO: Answering POST [] []
[2019-10-16 14:09:29] manager.INFO: POST start [] []
[2019-10-16 14:09:29] manager.INFO: Wrote log/2019-10-16-14-09-29.received [] []
[2019-10-16 14:09:29] manager.INFO: Wrote log/2019-10-16-14-09-29.json [] []
[2019-10-16 14:09:29] manager.INFO: Wrote ./data/classroom.json [] []
[2019-10-16 14:09:29] manager.INFO: Wrote ./data/student.json [] []
[2019-10-16 14:09:29] manager.INFO: Wrote ./data/assignment.json [] []
[2019-10-16 14:09:29] manager.INFO: Wrote ./data/submission.json [] []
[2019-10-16 14:09:29] manager.INFO: Wrote ./content/Sample Classroom/classroom.json [] []
[2019-10-16 14:09:29] manager.INFO: Wrote ./content/Sample Classroom/Student, Test/student.json [] []
[2019-10-16 14:09:29] manager.INFO: Wrote ./content/Sample Classroom/Student, Test/Test Assignment.json [] []
[2019-10-16 14:09:29] manager.INFO: Wrote ./content/Sample Classroom/Student, Test/Test Assignment/submission.json [] []
[2019-10-16 14:09:29] manager.INFO: POST end [] []
[2019-10-16 14:09:59] manager.INFO: Answering POST [] []
[2019-10-16 14:09:59] manager.INFO: POST start [] []
[2019-10-16 14:09:59] manager.INFO: Wrote log/2019-10-16-14-09-59.received [] []
[2019-10-16 14:09:59] manager.INFO: Wrote log/2019-10-16-14-09-59.json [] []
[2019-10-16 14:09:59] manager.INFO: Wrote ./data/classroom.json [] []
[2019-10-16 14:09:59] manager.INFO: Wrote ./data/student.json [] []
[2019-10-16 14:09:59] manager.INFO: Wrote ./data/assignment.json [] []
[2019-10-16 14:09:59] manager.INFO: Wrote ./data/submission.json [] []
[2019-10-16 14:09:59] manager.INFO: Wrote ./content/Sample Classroom/classroom.json [] []
[2019-10-16 14:09:59] manager.INFO: Wrote ./content/Sample Classroom/Student, Test/student.json [] []
[2019-10-16 14:09:59] manager.INFO: Wrote ./content/Sample Classroom/Student, Test/Test Assignment.json [] []
[2019-10-16 14:09:59] manager.INFO: Wrote ./content/Sample Classroom/Student, Test/Test Assignment/submission.json [] []
[2019-10-16 14:09:59] manager.INFO: POST end [] []
[2019-10-16 14:11:19] manager.INFO: Answering POST [] []
[2019-10-16 14:11:19] manager.INFO: POST start [] []
[2019-10-16 14:11:19] manager.INFO: Wrote log/2019-10-16-14-11-19.received [] []
[2019-10-16 14:11:19] manager.INFO: Wrote log/2019-10-16-14-11-19.json [] []
[2019-10-16 14:11:19] manager.INFO: Wrote ./data/classroom.json [] []
[2019-10-16 14:11:19] manager.INFO: Wrote ./data/student.json [] []
[2019-10-16 14:11:19] manager.INFO: Wrote ./data/assignment.json [] []
[2019-10-16 14:11:19] manager.INFO: Wrote ./data/submission.json [] []
[2019-10-16 14:11:19] manager.INFO: Wrote ./content/Sample Classroom/classroom.json [] []
[2019-10-16 14:11:19] manager.INFO: Creating ./content/Sample Classroom/Student, Test/student.json [] []
[2019-10-16 14:11:19] manager.INFO: Wrote ./content/Sample Classroom/Student, Test/student.json [] []
[2019-10-16 14:11:19] manager.INFO: Creating ./content/Sample Classroom/Student, Test/Test Assignment.json [] []
[2019-10-16 14:11:19] manager.INFO: Wrote ./content/Sample Classroom/Student, Test/Test Assignment.json [] []
[2019-10-16 14:11:19] manager.INFO: Creating ./content/Sample Classroom/Student, Test/Test Assignment/submission.json [] []
[2019-10-16 14:11:19] manager.INFO: Wrote ./content/Sample Classroom/Student, Test/Test Assignment/submission.json [] []
[2019-10-16 14:11:19] manager.INFO: POST end [] []
[2019-10-16 14:12:08] manager.INFO: Answering POST [] []
[2019-10-16 14:12:08] manager.INFO: POST start [] []
[2019-10-16 14:12:08] manager.INFO: Wrote log/2019-10-16-14-12-08.received [] []
[2019-10-16 14:12:08] manager.INFO: Wrote log/2019-10-16-14-12-08.json [] []
[2019-10-16 14:12:08] manager.INFO: Wrote ./data/classroom.json [] []
[2019-10-16 14:12:08] manager.INFO: Wrote ./data/student.json [] []
[2019-10-16 14:12:08] manager.INFO: Wrote ./data/assignment.json [] []
[2019-10-16 14:12:08] manager.INFO: Wrote ./data/submission.json [] []
[2019-10-16 14:12:08] manager.INFO: Wrote ./content/Sample Classroom/classroom.json [] []
[2019-10-16 14:12:08] manager.INFO: Creating ./content/Sample Classroom/Student, Test/student.json [] []
[2019-10-16 14:12:08] manager.INFO: Wrote ./content/Sample Classroom/Student, Test/student.json [] []
[2019-10-16 14:12:08] manager.INFO: Creating ./content/Sample Classroom/Student, Test/Test Assignment.json [] []
[2019-10-16 14:12:08] manager.INFO: Wrote ./content/Sample Classroom/Student, Test/Test Assignment.json [] []
[2019-10-16 14:12:08] manager.INFO: Creating ./content/Sample Classroom/Student, Test/Test Assignment/submission.json [] []
[2019-10-16 14:12:08] manager.INFO: Wrote ./content/Sample Classroom/Student, Test/Test Assignment/submission.json [] []
[2019-10-16 14:12:08] manager.INFO: POST end [] []
[2019-10-16 14:13:47] manager.INFO: Answering POST [] []
[2019-10-16 14:13:47] manager.INFO: POST start [] []
[2019-10-16 14:13:47] manager.INFO: Wrote log/2019-10-16-14-13-47.received [] []
[2019-10-16 14:13:47] manager.INFO: Wrote log/2019-10-16-14-13-47.json [] []
[2019-10-16 14:13:47] manager.INFO: Creating ./data/classroom.json [] []
[2019-10-16 14:13:47] manager.INFO: Wrote ./data/classroom.json [] []
[2019-10-16 14:13:47] manager.INFO: Wrote ./data/student.json [] []
[2019-10-16 14:13:47] manager.INFO: Wrote ./data/assignment.json [] []
[2019-10-16 14:13:47] manager.INFO: Wrote ./data/submission.json [] []
[2019-10-16 14:13:47] manager.INFO: Wrote ./content/Sample Classroom/classroom.json [] []
[2019-10-16 14:13:47] manager.INFO: Creating ./content/Sample Classroom/Student, Test/student.json [] []
[2019-10-16 14:13:47] manager.INFO: Wrote ./content/Sample Classroom/Student, Test/student.json [] []
[2019-10-16 14:13:47] manager.INFO: Creating ./content/Sample Classroom/Student, Test/Test Assignment.json [] []
[2019-10-16 14:13:47] manager.INFO: Wrote ./content/Sample Classroom/Student, Test/Test Assignment.json [] []
[2019-10-16 14:13:47] manager.INFO: Creating ./content/Sample Classroom/Student, Test/Test Assignment/submission.json [] []
[2019-10-16 14:13:47] manager.INFO: Wrote ./content/Sample Classroom/Student, Test/Test Assignment/submission.json [] []
[2019-10-16 14:13:47] manager.INFO: POST end [] []
[2019-10-16 14:15:25] manager.INFO: Answering POST [] []
[2019-10-16 14:15:25] manager.INFO: POST start [] []
[2019-10-16 14:15:25] manager.INFO: Wrote log/2019-10-16-14-15-25.received [] []
[2019-10-16 14:15:25] manager.INFO: Wrote log/2019-10-16-14-15-25.json [] []
[2019-10-16 14:15:25] manager.INFO: Wrote ./data/classroom.json [] []
[2019-10-16 14:15:25] manager.INFO: Wrote ./data/student.json [] []
[2019-10-16 14:15:25] manager.INFO: Wrote ./data/assignment.json [] []
[2019-10-16 14:15:25] manager.INFO: Wrote ./data/submission.json [] []
[2019-10-16 14:15:25] manager.INFO: Wrote ./content/Sample Classroom/classroom.json [] []
[2019-10-16 14:15:25] manager.INFO: Creating ./content/Sample Classroom/Student, Test/student.json [] []
[2019-10-16 14:15:25] manager.INFO: Wrote ./content/Sample Classroom/Student, Test/student.json [] []
[2019-10-16 14:15:25] manager.INFO: Creating ./content/Sample Classroom/Student, Test/Test Assignment.json [] []
[2019-10-16 14:15:25] manager.INFO: Wrote ./content/Sample Classroom/Student, Test/Test Assignment.json [] []
[2019-10-16 14:15:25] manager.INFO: Creating ./content/Sample Classroom/Student, Test/Test Assignment/submission.json [] []
[2019-10-16 14:15:25] manager.INFO: Wrote ./content/Sample Classroom/Student, Test/Test Assignment/submission.json [] []
[2019-10-16 14:15:25] manager.INFO: POST end [] []
[2019-10-16 14:22:02] manager.INFO: Answering POST [] []
[2019-10-16 14:22:02] manager.INFO: POST start [] []
[2019-10-16 14:22:02] manager.INFO: Wrote log/2019-10-16-14-22-02.received [] []
[2019-10-16 14:22:02] manager.INFO: Wrote log/2019-10-16-14-22-02.json [] []
[2019-10-16 14:22:02] manager.INFO: Wrote ./data/classroom.json [] []
[2019-10-16 14:22:02] manager.INFO: Wrote ./data/student.json [] []
[2019-10-16 14:22:02] manager.INFO: Wrote ./data/assignment.json [] []
[2019-10-16 14:22:02] manager.INFO: Creating /Sample Classroom/Student, Test/Test Assignment [] []
[2019-10-16 14:22:02] manager.INFO: Wrote ./data/submission.json [] []
[2019-10-16 14:22:02] manager.INFO: POST end [] []
[2019-10-16 14:22:20] manager.INFO: Answering POST [] []
[2019-10-16 14:22:20] manager.INFO: POST start [] []
[2019-10-16 14:22:20] manager.INFO: Wrote log/2019-10-16-14-22-20.received [] []
[2019-10-16 14:22:20] manager.INFO: Wrote log/2019-10-16-14-22-20.json [] []
[2019-10-16 14:22:20] manager.INFO: Wrote ./data/classroom.json [] []
[2019-10-16 14:22:20] manager.INFO: Wrote ./data/student.json [] []
[2019-10-16 14:22:20] manager.INFO: Wrote ./data/assignment.json [] []
[2019-10-16 14:22:20] manager.INFO: Creating /Sample Classroom/Student, Test/Test Assignment [] []
[2019-10-16 14:22:20] manager.INFO: Wrote ./data/submission.json [] []
[2019-10-16 14:22:20] manager.INFO: POST end [] []
[2019-10-16 14:22:51] manager.INFO: Answering POST [] []
[2019-10-16 14:22:51] manager.INFO: POST start [] []
[2019-10-16 14:22:51] manager.INFO: Wrote log/2019-10-16-14-22-51.received [] []
[2019-10-16 14:22:51] manager.INFO: Wrote log/2019-10-16-14-22-51.json [] []
[2019-10-16 14:22:51] manager.INFO: Wrote ./data/classroom.json [] []
[2019-10-16 14:22:51] manager.INFO: Wrote ./data/student.json [] []
[2019-10-16 14:22:51] manager.INFO: Wrote ./data/assignment.json [] []
[2019-10-16 14:22:51] manager.INFO: Creating ./content/Sample Classroom/Student, Test/Test Assignment [] []
[2019-10-16 14:22:51] manager.INFO: Wrote ./data/submission.json [] []
[2019-10-16 14:22:51] manager.INFO: POST end [] []
[2019-10-16 14:25:33] manager.INFO: Answering POST [] []
[2019-10-16 14:25:33] manager.INFO: POST start [] []
[2019-10-16 14:25:33] manager.INFO: Wrote log/2019-10-16-14-25-33.received [] []
[2019-10-16 14:25:33] manager.INFO: Wrote log/2019-10-16-14-25-33.json [] []
[2019-10-16 14:25:33] manager.INFO: Wrote ./data/classroom.json [] []
[2019-10-16 14:25:33] manager.INFO: Wrote ./data/student.json [] []
[2019-10-16 14:25:33] manager.INFO: Wrote ./data/assignment.json [] []
[2019-10-16 14:25:33] manager.INFO: Wrote ./data/submission.json [] []
[2019-10-16 14:25:33] manager.INFO: POST end [] []
[2019-10-16 14:26:49] manager.INFO: Answering POST [] []
[2019-10-16 14:26:49] manager.INFO: POST start [] []
[2019-10-16 14:26:49] manager.INFO: Wrote log/2019-10-16-14-26-49.received [] []
[2019-10-16 14:26:49] manager.INFO: Wrote log/2019-10-16-14-26-49.json [] []
[2019-10-16 14:26:49] manager.INFO: Wrote ./data/classroom.json [] []
[2019-10-16 14:26:49] manager.INFO: Wrote ./data/student.json [] []
[2019-10-16 14:26:49] manager.INFO: Wrote ./data/assignment.json [] []
[2019-10-16 14:26:49] manager.INFO: Wrote ./data/submission.json [] []
[2019-10-16 14:26:49] manager.INFO: POST end [] []
[2019-10-16 14:26:51] manager.INFO: Answering POST [] []
[2019-10-16 14:26:51] manager.INFO: POST start [] []
[2019-10-16 14:26:51] manager.INFO: Wrote log/2019-10-16-14-26-51.received [] []
[2019-10-16 14:26:51] manager.INFO: Wrote log/2019-10-16-14-26-51.json [] []
[2019-10-16 14:26:51] manager.INFO: Wrote ./data/classroom.json [] []
[2019-10-16 14:26:51] manager.INFO: Wrote ./data/student.json [] []
[2019-10-16 14:26:51] manager.INFO: Wrote ./data/assignment.json [] []
[2019-10-16 14:26:51] manager.INFO: Wrote ./data/submission.json [] []
[2019-10-16 14:26:51] manager.INFO: POST end [] []
[2019-10-16 14:27:18] manager.INFO: Answering POST [] []
[2019-10-16 14:27:18] manager.INFO: POST start [] []
[2019-10-16 14:27:18] manager.INFO: Wrote log/2019-10-16-14-27-18.received [] []
[2019-10-16 14:27:18] manager.INFO: Wrote log/2019-10-16-14-27-18.json [] []
[2019-10-16 14:27:18] manager.INFO: Wrote ./data/classroom.json [] []
[2019-10-16 14:27:18] manager.INFO: Wrote ./data/student.json [] []
[2019-10-16 14:27:18] manager.INFO: Wrote ./data/assignment.json [] []
[2019-10-16 14:27:18] manager.INFO: Wrote ./data/submission.json [] []
[2019-10-16 14:27:18] manager.INFO: POST end [] []
[2019-10-16 14:46:10] manager.INFO: Answering POST [] []
[2019-10-16 14:46:10] manager.INFO: POST start [] []
[2019-10-16 14:46:10] manager.INFO: Wrote log/2019-10-16-14-46-10.received [] []
[2019-10-16 14:46:10] manager.INFO: Wrote log/2019-10-16-14-46-10.json [] []
[2019-10-16 14:46:10] manager.INFO: Wrote ./data/classroom.json [] []
[2019-10-16 14:46:10] manager.INFO: Wrote ./data/student.json [] []
[2019-10-16 14:46:10] manager.INFO: Wrote ./data/assignment.json [] []
[2019-10-16 14:46:10] manager.INFO: Wrote ./data/submission.json [] []
[2019-10-16 14:46:10] manager.INFO: POST end [] []
[2019-10-16 14:49:33] manager.INFO: Answering POST [] []
[2019-10-16 14:49:33] manager.INFO: POST start [] []
[2019-10-16 14:49:33] manager.INFO: Wrote log/2019-10-16-14-49-33.received [] []
[2019-10-16 14:49:33] manager.INFO: Wrote log/2019-10-16-14-49-33.json [] []
[2019-10-16 14:49:33] manager.INFO: Wrote ./data/classroom.json [] []
[2019-10-16 14:49:33] manager.INFO: Wrote ./data/student.json [] []
[2019-10-16 14:49:33] manager.INFO: Wrote ./data/assignment.json [] []
[2019-10-16 14:49:33] manager.INFO: Wrote ./data/submission.json [] []
[2019-10-16 14:49:33] manager.INFO: POST end [] []
[2019-10-16 14:51:15] manager.INFO: Answering POST [] []
[2019-10-16 14:51:15] manager.INFO: POST start [] []
[2019-10-16 14:51:15] manager.INFO: Wrote log/2019-10-16-14-51-15.received [] []
[2019-10-16 14:51:15] manager.INFO: Wrote log/2019-10-16-14-51-15.json [] []
[2019-10-16 14:51:15] manager.INFO: Wrote ./data/classroom.json [] []
[2019-10-16 14:51:15] manager.INFO: Wrote ./data/student.json [] []
[2019-10-16 14:51:15] manager.INFO: Wrote ./data/assignment.json [] []
[2019-10-16 14:51:15] manager.INFO: Wrote ./data/submission.json [] []
[2019-10-16 14:51:15] manager.INFO: POST end [] []
[2019-10-16 14:55:25] manager.INFO: Answering POST [] []
[2019-10-16 14:55:25] manager.INFO: POST start [] []
[2019-10-16 14:55:25] manager.INFO: Wrote log/2019-10-16-14-55-25.received [] []
[2019-10-16 14:55:25] manager.INFO: Wrote log/2019-10-16-14-55-25.json [] []
[2019-10-16 14:55:25] manager.INFO: Wrote ./data/classroom.json [] []
[2019-10-16 14:55:25] manager.INFO: Wrote ./data/student.json [] []
[2019-10-16 14:55:25] manager.INFO: Wrote ./data/assignment.json [] []
[2019-10-16 14:55:25] manager.INFO: Wrote ./data/submission.json [] []
[2019-10-16 14:55:25] manager.INFO: Wrote ./data/files.json [] []
[2019-10-16 14:55:25] manager.INFO: Creating ./data/portfolio/2019-20 - C S 131 - Fundamentals of Programming/Student, Test/Free Range Programming [] []
[2019-10-16 14:55:25] manager.INFO: Wrote ./data/portfolio/2019-20 - C S 131 - Fundamentals of Programming/Student, Test/Free Range Programming/main.py [] []
[2019-10-16 14:55:25] manager.DEBUG: Student, Test : Free Range Programming : main.py [] []
[2019-10-16 14:55:25] manager.INFO: POST end [] []
[2019-10-16 15:05:52] manager.INFO: Answering POST [] []
[2019-10-16 15:05:52] manager.INFO: POST start [] []
[2019-10-16 15:05:52] manager.INFO: Wrote log/2019-10-16-15-05-52.received [] []
[2019-10-16 15:05:52] manager.INFO: Wrote log/2019-10-16-15-05-52.json [] []
[2019-10-16 15:05:52] manager.INFO: Wrote ./data/classroom.json [] []
[2019-10-16 15:05:52] manager.INFO: Wrote ./data/student.json [] []
[2019-10-16 15:05:52] manager.INFO: Wrote ./data/assignment.json [] []
[2019-10-16 15:05:52] manager.INFO: Wrote ./data/submission.json [] []
[2019-10-16 15:05:52] manager.INFO: Wrote ./data/portfolio/2019-20 - C S 131 - Fundamentals of Programming/Student, Test/Free Range Programming/main.py [] []
[2019-10-16 15:05:52] manager.INFO: Wrote ./data/files/2031895_3530440.content [] []
[2019-10-16 15:05:52] manager.DEBUG: Student, Test : Free Range Programming : main.py [] []
[2019-10-16 15:05:52] manager.INFO: POST end [] []
[2019-10-16 15:07:13] manager.INFO: Answering POST [] []
[2019-10-16 15:07:13] manager.INFO: POST start [] []
[2019-10-16 15:07:13] manager.INFO: Wrote log/2019-10-16-15-07-13.received [] []
[2019-10-16 15:07:13] manager.INFO: Wrote log/2019-10-16-15-07-13.json [] []
[2019-10-16 15:07:13] manager.INFO: Wrote ./data/classroom.json [] []
[2019-10-16 15:07:13] manager.INFO: Wrote ./data/student.json [] []
[2019-10-16 15:07:13] manager.INFO: Wrote ./data/assignment.json [] []
[2019-10-16 15:07:13] manager.INFO: Wrote ./data/submission.json [] []
[2019-10-16 15:07:13] manager.INFO: Wrote ./data/portfolio/2019-20 - C S 131 - Fundamentals of Programming/Student, Test/Free Range Programming/main.py [] []
[2019-10-16 15:07:13] manager.INFO: Creating ./data/files [] []
[2019-10-16 15:07:13] manager.INFO: Wrote ./data/files/2031895_3530440.content [] []
[2019-10-16 15:07:13] manager.DEBUG: Student, Test : Free Range Programming : main.py [] []
[2019-10-16 15:07:13] manager.INFO: POST end [] []
[2019-10-16 15:10:19] manager.INFO: Answering POST [] []
[2019-10-16 15:10:19] manager.INFO: POST start [] []
[2019-10-16 15:10:19] manager.INFO: Wrote log/2019-10-16-15-10-19.received [] []
[2019-10-16 15:10:19] manager.INFO: Wrote log/2019-10-16-15-10-19.json [] []
[2019-10-16 15:10:19] manager.INFO: Wrote ./data/classroom.json [] []
[2019-10-16 15:10:19] manager.INFO: Wrote ./data/student.json [] []
[2019-10-16 15:10:19] manager.INFO: Wrote ./data/assignment.json [] []
[2019-10-16 15:10:19] manager.INFO: Wrote ./data/submission.json [] []
[2019-10-16 15:10:19] manager.INFO: Wrote ./data/portfolio/2019-20 - C S 131 - Fundamentals of Programming/Student, Test/Free Range Programming/main.py [] []
[2019-10-16 15:10:19] manager.INFO: Wrote ./data/files/2031895_3530440.content [] []
[2019-10-16 15:10:19] manager.DEBUG: Student, Test : Free Range Programming : main.py [] []
[2019-10-16 15:10:19] manager.INFO: POST end [] []
[2019-10-16 15:16:34] manager.INFO: Answering POST [] []
[2019-10-16 15:16:34] manager.INFO: POST start [] []
[2019-10-16 15:16:34] manager.INFO: Wrote log/2019-10-16-15-16-34.received [] []
[2019-10-16 15:16:34] manager.INFO: Wrote log/2019-10-16-15-16-34.json [] []
[2019-10-16 15:16:34] manager.INFO: Wrote ./data/classroom.json [] []
[2019-10-16 15:16:34] manager.INFO: Wrote ./data/student.json [] []
[2019-10-16 15:16:34] manager.INFO: Wrote ./data/assignment.json [] []
[2019-10-16 15:16:34] manager.INFO: Wrote ./data/submission.json [] []
[2019-10-16 15:16:34] manager.INFO: Wrote ./data/portfolio/2019-20 - C S 131 - Fundamentals of Programming/Student, Test/Free Range Programming/main.py [] []
[2019-10-16 15:16:34] manager.INFO: Wrote ./data/files/2031895_3530440.content [] []
[2019-10-16 15:16:34] manager.DEBUG: Student, Test : Free Range Programming : main.py [] []
[2019-10-16 15:16:34] manager.INFO: POST end [] []
[2019-10-16 15:17:44] manager.INFO: Answering POST [] []
[2019-10-16 15:17:44] manager.INFO: POST start [] []
[2019-10-16 15:17:44] manager.INFO: Wrote log/2019-10-16-15-17-44.received [] []
[2019-10-16 15:17:44] manager.INFO: Wrote log/2019-10-16-15-17-44.json [] []
[2019-10-16 15:17:44] manager.INFO: Wrote ./data/classroom.json [] []
[2019-10-16 15:17:44] manager.INFO: Wrote ./data/student.json [] []
[2019-10-16 15:17:44] manager.INFO: Wrote ./data/assignment.json [] []
[2019-10-16 15:17:44] manager.INFO: Wrote ./data/submission.json [] []
[2019-10-16 15:17:44] manager.INFO: Creating ./data/portfolio/2019-20 - C S 131 - Fundamentals of Programming/Student, Test/Attendance : 2019-10-16 [] []
[2019-10-16 15:17:44] manager.INFO: Wrote ./data/portfolio/2019-20 - C S 131 - Fundamentals of Programming/Student, Test/Attendance : 2019-10-16/main.py [] []
[2019-10-16 15:17:44] manager.INFO: Wrote ./data/files/2031895_4126588.content [] []
[2019-10-16 15:17:44] manager.DEBUG: Student, Test : Attendance : 2019-10-16 : main.py [] []
[2019-10-16 15:17:44] manager.INFO: POST end [] []
[2019-10-16 15:20:54] manager.INFO: Answering POST [] []
[2019-10-16 15:20:54] manager.INFO: POST start [] []
[2019-10-16 15:20:54] manager.INFO: Wrote log/2019-10-16-15-20-54.received [] []
[2019-10-16 15:20:54] manager.INFO: Wrote log/2019-10-16-15-20-54.json [] []
[2019-10-16 15:20:54] manager.INFO: Creating ./data [] []
[2019-10-16 15:20:54] manager.INFO: Wrote ./data/classroom.json [] []
[2019-10-16 15:20:54] manager.INFO: Wrote ./data/student.json [] []
[2019-10-16 15:20:54] manager.INFO: Wrote ./data/assignment.json [] []
[2019-10-16 15:20:54] manager.INFO: Wrote ./data/submission.json [] []
[2019-10-16 15:20:54] manager.INFO: Creating ./data/portfolio/2019-20 - C S 131 - Fundamentals of Programming/Student, Test/Attendance : 2019-10-16 [] []
[2019-10-16 15:20:54] manager.INFO: Wrote ./data/portfolio/2019-20 - C S 131 - Fundamentals of Programming/Student, Test/Attendance : 2019-10-16/main.py [] []
[2019-10-16 15:20:54] manager.INFO: Creating ./data/files [] []
[2019-10-16 15:20:54] manager.INFO: Wrote ./data/files/2031895_4126588.content [] []
[2019-10-16 15:20:54] manager.DEBUG: Student, Test : Attendance : 2019-10-16 : main.py [] []
[2019-10-16 15:20:54] manager.INFO: POST end [] []
[2019-10-16 15:31:44] manager.INFO: Answering POST [] []
[2019-10-16 15:31:44] manager.INFO: POST start [] []
[2019-10-16 15:31:44] manager.INFO: Wrote log/2019-10-16-15-31-44.received [] []
[2019-10-16 15:31:44] manager.INFO: Wrote log/2019-10-16-15-31-44.json [] []
[2019-10-16 15:31:44] manager.INFO: Creating ./data [] []
[2019-10-16 15:31:44] manager.INFO: Wrote ./data/classroom.json [] []
[2019-10-16 15:31:44] manager.INFO: Wrote ./data/student.json [] []
[2019-10-16 15:31:44] manager.INFO: Wrote ./data/assignment.json [] []
[2019-10-16 15:31:44] manager.INFO: Wrote ./data/submission.json [] []
[2019-10-16 15:31:44] manager.INFO: Creating ./data/portfolio/2019-20 - C S 131 - Fundamentals of Programming/Student, Test/Attendance : 2019-10-16 [] []
[2019-10-16 15:31:44] manager.INFO: Wrote ./data/portfolio/2019-20 - C S 131 - Fundamentals of Programming/Student, Test/Attendance : 2019-10-16/main.py [] []
[2019-10-16 15:31:44] manager.INFO: Creating ./data/files [] []
[2019-10-16 15:31:44] manager.INFO: Wrote ./data/files/2031895_4126588.content [] []
[2019-10-16 15:31:44] manager.DEBUG: Student, Test : Attendance : 2019-10-16 : main.py [] []
[2019-10-16 15:31:44] manager.INFO: POST end [] []
